{"/Applications/MAMP/htdocs/Apps/ReactNative/Uqoud/Todo/src/store/index.js": {"path":"/Applications/MAMP/htdocs/Apps/ReactNative/Uqoud/Todo/src/store/index.js","statementMap":{"0":{"start":{"line":15,"column":22},"end":{"line":19,"column":1}},"1":{"start":{"line":21,"column":25},"end":{"line":21,"column":69}},"2":{"start":{"line":23,"column":14},"end":{"line":31,"column":2}},"3":{"start":{"line":26,"column":8},"end":{"line":30,"column":10}},"4":{"start":{"line":33,"column":18},"end":{"line":33,"column":37}}},"fnMap":{"0":{"name":"(anonymous_0)","decl":{"start":{"line":25,"column":16},"end":{"line":25,"column":17}},"loc":{"start":{"line":26,"column":8},"end":{"line":30,"column":10}},"line":26}},"branchMap":{},"s":{"0":1,"1":1,"2":1,"3":1,"4":1},"f":{"0":1},"b":{},"_coverageSchema":"1a1c01bbd47fc00a2c39e90264f33305004495a9","hash":"0eccdb470b438b02be6c1d1fc62292b858a7cbb0"}
,"/Applications/MAMP/htdocs/Apps/ReactNative/Uqoud/Todo/src/store/reducers/global.js": {"path":"/Applications/MAMP/htdocs/Apps/ReactNative/Uqoud/Todo/src/store/reducers/global.js","statementMap":{"0":{"start":{"line":3,"column":21},"end":{"line":8,"column":1}},"1":{"start":{"line":10,"column":20},"end":{"line":27,"column":2}},"2":{"start":{"line":15,"column":12},"end":{"line":15,"column":41}},"3":{"start":{"line":18,"column":12},"end":{"line":18,"column":41}},"4":{"start":{"line":21,"column":12},"end":{"line":21,"column":44}},"5":{"start":{"line":24,"column":12},"end":{"line":24,"column":42}},"6":{"start":{"line":34,"column":4},"end":{"line":34,"column":23}}},"fnMap":{"0":{"name":"(anonymous_0)","decl":{"start":{"line":14,"column":8},"end":{"line":14,"column":9}},"loc":{"start":{"line":14,"column":35},"end":{"line":16,"column":9}},"line":14},"1":{"name":"(anonymous_1)","decl":{"start":{"line":17,"column":8},"end":{"line":17,"column":9}},"loc":{"start":{"line":17,"column":38},"end":{"line":19,"column":9}},"line":17},"2":{"name":"(anonymous_2)","decl":{"start":{"line":20,"column":8},"end":{"line":20,"column":9}},"loc":{"start":{"line":20,"column":34},"end":{"line":22,"column":9}},"line":20},"3":{"name":"(anonymous_3)","decl":{"start":{"line":23,"column":8},"end":{"line":23,"column":9}},"loc":{"start":{"line":23,"column":36},"end":{"line":25,"column":9}},"line":23}},"branchMap":{},"s":{"0":1,"1":1,"2":0,"3":0,"4":1,"5":0,"6":1},"f":{"0":0,"1":0,"2":1,"3":0},"b":{},"_coverageSchema":"1a1c01bbd47fc00a2c39e90264f33305004495a9","hash":"8715d6b5ef99f8c7e3d912f601fbedf21fe3f8c0"}
,"/Applications/MAMP/htdocs/Apps/ReactNative/Uqoud/Todo/src/store/reducers/index.js": {"path":"/Applications/MAMP/htdocs/Apps/ReactNative/Uqoud/Todo/src/store/reducers/index.js","statementMap":{},"fnMap":{},"branchMap":{},"s":{},"f":{},"b":{},"_coverageSchema":"1a1c01bbd47fc00a2c39e90264f33305004495a9","hash":"0ee727943acaee0c7ef7c3a222d4fe623b6ae9f4"}
,"/Applications/MAMP/htdocs/Apps/ReactNative/Uqoud/Todo/src/utils/helpers.js": {"path":"/Applications/MAMP/htdocs/Apps/ReactNative/Uqoud/Todo/src/utils/helpers.js","statementMap":{"0":{"start":{"line":4,"column":19},"end":{"line":8,"column":1}},"1":{"start":{"line":5,"column":1},"end":{"line":5,"column":19}},"2":{"start":{"line":5,"column":12},"end":{"line":5,"column":19}},"3":{"start":{"line":6,"column":22},"end":{"line":6,"column":70}},"4":{"start":{"line":7,"column":1},"end":{"line":7,"column":21}},"5":{"start":{"line":10,"column":19},"end":{"line":19,"column":1}},"6":{"start":{"line":11,"column":20},"end":{"line":11,"column":35}},"7":{"start":{"line":12,"column":16},"end":{"line":12,"column":33}},"8":{"start":{"line":13,"column":1},"end":{"line":17,"column":3}},"9":{"start":{"line":18,"column":1},"end":{"line":18,"column":17}},"10":{"start":{"line":21,"column":19},"end":{"line":28,"column":1}},"11":{"start":{"line":22,"column":16},"end":{"line":22,"column":33}},"12":{"start":{"line":23,"column":25},"end":{"line":23,"column":74}},"13":{"start":{"line":23,"column":52},"end":{"line":23,"column":73}},"14":{"start":{"line":24,"column":1},"end":{"line":26,"column":2}},"15":{"start":{"line":25,"column":2},"end":{"line":25,"column":38}},"16":{"start":{"line":27,"column":1},"end":{"line":27,"column":17}},"17":{"start":{"line":30,"column":20},"end":{"line":37,"column":1}},"18":{"start":{"line":31,"column":16},"end":{"line":31,"column":33}},"19":{"start":{"line":32,"column":1},"end":{"line":32,"column":39}},"20":{"start":{"line":33,"column":1},"end":{"line":35,"column":2}},"21":{"start":{"line":34,"column":2},"end":{"line":34,"column":21}},"22":{"start":{"line":36,"column":1},"end":{"line":36,"column":17}},"23":{"start":{"line":39,"column":19},"end":{"line":51,"column":1}},"24":{"start":{"line":40,"column":20},"end":{"line":40,"column":35}},"25":{"start":{"line":41,"column":17},"end":{"line":41,"column":34}},"26":{"start":{"line":42,"column":17},"end":{"line":48,"column":2}},"27":{"start":{"line":49,"column":1},"end":{"line":49,"column":28}},"28":{"start":{"line":50,"column":1},"end":{"line":50,"column":18}}},"fnMap":{"0":{"name":"(anonymous_0)","decl":{"start":{"line":4,"column":19},"end":{"line":4,"column":20}},"loc":{"start":{"line":4,"column":27},"end":{"line":8,"column":1}},"line":4},"1":{"name":"(anonymous_1)","decl":{"start":{"line":10,"column":19},"end":{"line":10,"column":20}},"loc":{"start":{"line":10,"column":45},"end":{"line":19,"column":1}},"line":10},"2":{"name":"(anonymous_2)","decl":{"start":{"line":21,"column":19},"end":{"line":21,"column":20}},"loc":{"start":{"line":21,"column":38},"end":{"line":28,"column":1}},"line":21},"3":{"name":"(anonymous_3)","decl":{"start":{"line":23,"column":44},"end":{"line":23,"column":45}},"loc":{"start":{"line":23,"column":52},"end":{"line":23,"column":73}},"line":23},"4":{"name":"(anonymous_4)","decl":{"start":{"line":30,"column":20},"end":{"line":30,"column":21}},"loc":{"start":{"line":30,"column":45},"end":{"line":37,"column":1}},"line":30},"5":{"name":"(anonymous_5)","decl":{"start":{"line":39,"column":19},"end":{"line":39,"column":20}},"loc":{"start":{"line":39,"column":38},"end":{"line":51,"column":1}},"line":39}},"branchMap":{"0":{"loc":{"start":{"line":5,"column":1},"end":{"line":5,"column":19}},"type":"if","locations":[{"start":{"line":5,"column":1},"end":{"line":5,"column":19}},{"start":{},"end":{}}],"line":5},"1":{"loc":{"start":{"line":24,"column":1},"end":{"line":26,"column":2}},"type":"if","locations":[{"start":{"line":24,"column":1},"end":{"line":26,"column":2}},{"start":{},"end":{}}],"line":24},"2":{"loc":{"start":{"line":33,"column":1},"end":{"line":35,"column":2}},"type":"if","locations":[{"start":{"line":33,"column":1},"end":{"line":35,"column":2}},{"start":{},"end":{}}],"line":33}},"s":{"0":1,"1":2,"2":1,"3":1,"4":1,"5":1,"6":1,"7":1,"8":1,"9":1,"10":1,"11":0,"12":0,"13":0,"14":0,"15":0,"16":0,"17":1,"18":0,"19":0,"20":0,"21":0,"22":0,"23":1,"24":1,"25":1,"26":1,"27":1,"28":1},"f":{"0":2,"1":1,"2":0,"3":0,"4":0,"5":1},"b":{"0":[1,1],"1":[0,0],"2":[0,0]},"_coverageSchema":"1a1c01bbd47fc00a2c39e90264f33305004495a9","hash":"5f53328a4400993deea546f83115d1fb369f2a93"}
}
